
################################################################################

 PACKMOL - Packing optimization for the automated generation of
 starting configurations for molecular dynamics simulations.
 
                                                              Version 20.2.2 

################################################################################

  Packmol must be run with: packmol < inputfile.inp 

  Userguide at: http://m3g.iqm.unicamp.br/packmol 

  Reading input file... (Control-C aborts)
  Seed for random number generator:      1234567
  Output file: pack.xyz
  Reading coordinate file: h2o.xyz
  Reading coordinate file: h2o.xyz
  Number of independent structures:            2
  The structures are: 
  Structure            1 :(           3  atoms)
  Structure            2 :(           3  atoms)
  Maximum number of GENCAN loops for all molecule packing:          200
  Total number of restrictions:            2
  Distance tolerance:    2.0000000000000000     
  Number of molecules of type            1 :           30
  Number of molecules of type            2 :          100
  Total number of atoms:          390
  Total number of molecules:          130
  Number of fixed molecules:            0
  Number of free molecules:          130
  Number of variables:          780
  Total number of fixed atoms:            0
  Maximum internal distance of type            1 :    1.5269620109550861     
  Maximum internal distance of type            2 :    1.5269620109550861     
  All atoms must be within these coordinates: 
   x: [   -999.20000000000005      ,    1000.8000000000000       ] 
   y: [   -999.35978326146346      ,    1000.6402167385365       ] 
   z: [   -999.86799900661504      ,    1000.1320009933850       ] 
  If the system is larger than this, increase the sidemax parameter. 

################################################################################

  Building initial approximation ... 

################################################################################

  Adjusting initial point to fit the constraints 

--------------------------------------------------------------------------------

--------------------------------------------------------------------------------

  Molecules of type:            1

  Packing:|0                                                             100%|
          |*********************

  Restraint-only function value:    1.0678941000225664E-003
  Maximum violation of the restraints:    5.1263091050692911E-004

--------------------------------------------------------------------------------

  Molecules of type:            2


  Restraint-only function value:    0.0000000000000000     
  Maximum violation of the restraints:    0.0000000000000000     

--------------------------------------------------------------------------------

  Rescaling maximum and minimum coordinates... 
  Computing size of patches... 
  Add fixed molecules to permanent arrays... 
  Reseting center of mass... 

--------------------------------------------------------------------------------

  Setting initial trial coordinates ... 

--------------------------------------------------------------------------------

--------------------------------------------------------------------------------

  Molecules of type:            1
  Adjusting random positions to fit the constraints. 
  Packing:|0                                                             100%|
          |
  Restraint-only function value:    1.0101019532206867E-004
  Maximum violation of the restraints:    1.0101019532206867E-004

--------------------------------------------------------------------------------

  Molecules of type:            2
  Adjusting random positions to fit the constraints. 
  Restraint-only function value:    0.0000000000000000     
  Maximum violation of the restraints:    0.0000000000000000     

################################################################################

  Objective function at initial point:    260.87041250237860     

################################################################################

  Packing molecules of type:            1

################################################################################


--------------------------------------------------------------------------------

  Starting GENCAN loop:            0
  Scaling radii by:    1.1000000000000001     

  Packing:|0                                                             100%|
          |******************************************************************|
          |

  Function value from last GENCAN loop: f = .39976E-04
  Best function value before: f = .26087E+03
  Improvement from best function value:    99.99 %
  Improvement from last loop:    99.99 %
  Maximum violation of target distance:     0.000000
  Maximum violation of the constraints: .39367E-04
  Current structure written to file: pack.xyz
--------------------------------------------------------------------------------
  Packing solved for molecules of type           1
  Objective function value:    3.9975933204320340E-005
  Maximum violation of target distance:    0.0000000000000000     
  Max. constraint violation:    3.9366961515766755E-005
--------------------------------------------------------------------------------

################################################################################

  Packing molecules of type:            2

################################################################################


  Initial approximation is a solution. Nothing to do. 

  Current point written to file: pack.xyz
--------------------------------------------------------------------------------
  Packing solved for molecules of type           2
  Objective function value:    0.0000000000000000     
  Maximum violation of target distance:    0.0000000000000000     
  Max. constraint violation:    0.0000000000000000     
--------------------------------------------------------------------------------

################################################################################

  Packing all molecules together 

################################################################################


  Initial approximation is a solution. Nothing to do. 

  Solution written to file: pack.xyz

################################################################################

                                 Success! 
              Final objective function value: .16200E+00
              Maximum violation of target distance:   0.000000
              Maximum violation of the constraints: .39367E-04

--------------------------------------------------------------------------------

              Please cite this work if Packmol was useful: 

           L. Martinez, R. Andrade, E. G. Birgin, J. M. Martinez, 
         PACKMOL: A package for building initial configurations for
                   molecular dynamics simulations. 
          Journal of Computational Chemistry, 30:2157-2164,2009.

################################################################################

   Running time:    7.71599961E-03  seconds. 

--------------------------------------------------------------------------------


